Artikel->Optional->LEER->RegExp;  MATCH;  ''
Artikel->Required->LemmaPosition->Token "LEMMA"->RegExp;  MATCH;  'LEMMA'
Artikel->Required->LemmaPosition->Required->Lemma->Optional->_tll->RegExp;  MATCH;  '*'
Artikel->Required->LemmaPosition->Required->Lemma->WORT_KLEIN->RegExp;  MATCH;  'facitergula'
Artikel->Required->LemmaPosition->Optional->LemmaVarianten->Token "VARIANTEN"->RegExp;  MATCH;  'VARIANTEN'
Artikel->Required->LemmaPosition->Optional->LemmaVarianten->Required->LVariante->RegExp;  MATCH;  'fasc-itergula'
Artikel->Required->LemmaPosition->Optional->LemmaVarianten->ZeroOrMore->Sequence->Token ","->RegExp;  MATCH;  ','
Artikel->Required->LemmaPosition->Optional->LemmaVarianten->ZeroOrMore->Sequence->Required->LVariante->RegExp;  MATCH;  'fac-iet-ergula'
Artikel->Required->LemmaPosition->Optional->LemmaVarianten->ZeroOrMore->Sequence->Token ","->RegExp;  MATCH;  ','
Artikel->Required->LemmaPosition->Optional->LemmaVarianten->ZeroOrMore->Sequence->Required->LVariante->RegExp;  MATCH;  'fac-ist-ergula'
Artikel->Required->LemmaPosition->Optional->LemmaVarianten->ZeroOrMore->Sequence->Token ","->RegExp;  MATCH;  ','
Artikel->Required->LemmaPosition->Optional->LemmaVarianten->ZeroOrMore->Sequence->Required->LVariante->RegExp;  MATCH;  'fa-rcu-tergula'
Artikel->Required->LemmaPosition->Optional->LemmaVarianten->Optional->Sequence->Token ";"->RegExp;  MATCH;  ';'
Artikel->Required->LemmaPosition->Optional->LemmaVarianten->Optional->Sequence->Required->LVZusatz->RegExp;  MATCH;  'sim.'
Artikel->Required->LemmaPosition->Required->GrammatikPosition->Token "GRAMMATIK"->RegExp;  MATCH;  'GRAMMATIK'
Artikel->Required->LemmaPosition->Required->GrammatikPosition->Required->_wortart->Token "nomen"->RegExp;  MATCH;  'nomen'
Artikel->Required->LemmaPosition->Required->GrammatikPosition->Required->Token ";"->RegExp;  MATCH;  ';'
Artikel->Required->LemmaPosition->Required->GrammatikPosition->Required->Flexionen->Flexion->RegExp;  MATCH;  '-ar'
Artikel->Required->LemmaPosition->Required->GrammatikPosition->Optional->_genus->Token "f."->RegExp;  MATCH;  'f.'
Artikel->Required->LemmaPosition->Required->GrammatikPosition->ZeroOrMore->GrammatikVarianten->Token ";"->RegExp;  MATCH;  ';'
Artikel->Required->LemmaPosition->Required->GrammatikPosition->ZeroOrMore->GrammatikVarianten->Required->GVariante->Flexionen->Flexion->RegExp;  MATCH;  '-us'
Artikel->Required->LemmaPosition->Required->GrammatikPosition->ZeroOrMore->GrammatikVarianten->Required->GVariante->Flexionen->ZeroOrMore->Sequence->Token ","->RegExp;  MATCH;  ','
Artikel->Required->LemmaPosition->Required->GrammatikPosition->ZeroOrMore->GrammatikVarianten->Required->GVariante->Flexionen->ZeroOrMore->Sequence->Required->Flexion->RegExp;  MATCH;  '-i'
Artikel->Required->LemmaPosition->Required->GrammatikPosition->ZeroOrMore->GrammatikVarianten->Required->GVariante->Optional->_genus->Token "m."->RegExp;  MATCH;  'm.'
Artikel->Required->LemmaPosition->Required->GrammatikPosition->ZeroOrMore->GrammatikVarianten->Required->GVariante->Token ":"->RegExp;  MATCH;  ':'
Artikel->Required->LemmaPosition->Required->GrammatikPosition->ZeroOrMore->GrammatikVarianten->Required->GVariante->Verweis->RegExp;  MATCH;  '>>beleg_id_1'
Artikel->Required->LemmaPosition->Required->GrammatikPosition->ZeroOrMore->GrammatikVarianten->Token ";"->RegExp;  MATCH;  ';'
Artikel->Required->LemmaPosition->Required->GrammatikPosition->ZeroOrMore->GrammatikVarianten->Required->GVariante->Flexionen->Flexion->RegExp;  MATCH;  '-um'
Artikel->Required->LemmaPosition->Required->GrammatikPosition->ZeroOrMore->GrammatikVarianten->Required->GVariante->Flexionen->ZeroOrMore->Sequence->Token ","->RegExp;  MATCH;  ','
Artikel->Required->LemmaPosition->Required->GrammatikPosition->ZeroOrMore->GrammatikVarianten->Required->GVariante->Flexionen->ZeroOrMore->Sequence->Required->Flexion->RegExp;  MATCH;  '-i'
Artikel->Required->LemmaPosition->Required->GrammatikPosition->ZeroOrMore->GrammatikVarianten->Required->GVariante->Optional->_genus->Token "n."->RegExp;  MATCH;  'n.'
Artikel->Required->LemmaPosition->Required->GrammatikPosition->ZeroOrMore->GrammatikVarianten->Required->GVariante->Token ":"->RegExp;  MATCH;  ':'
Artikel->Required->LemmaPosition->Required->GrammatikPosition->ZeroOrMore->GrammatikVarianten->Required->GVariante->Verweis->RegExp;  MATCH;  '>>beleg_id_2'
Artikel->Optional->SchreibweisenPosition->Token "SCHREIBWEISE"->RegExp;  MATCH;  'SCHREIBWEISE'
Artikel->Optional->SchreibweisenPosition->Required->SWTyp->Token "script."->RegExp;  MATCH;  'script.'
Artikel->Optional->SchreibweisenPosition->Token ":"->RegExp;  MATCH;  ':'
Artikel->Optional->SchreibweisenPosition->Required->SWVariante->Schreibweise->Token "vizreg-"->RegExp;  MATCH;  'vizreg-'
Artikel->Optional->SchreibweisenPosition->Required->SWVariante->Token ":"->RegExp;  MATCH;  ':'
Artikel->Optional->SchreibweisenPosition->Required->SWVariante->Verweis->RegExp;  MATCH;  '>>beleg_id_3'
Artikel->Optional->SchreibweisenPosition->ZeroOrMore->Sequence->Token ","->RegExp;  MATCH;  ','
Artikel->Optional->SchreibweisenPosition->ZeroOrMore->Sequence->Required->SWVariante->Schreibweise->Token "festregel(a)"->RegExp;  MATCH;  'festregel(a)'
Artikel->Optional->SchreibweisenPosition->ZeroOrMore->Sequence->Required->SWVariante->Token ":"->RegExp;  MATCH;  ':'
Artikel->Optional->SchreibweisenPosition->ZeroOrMore->Sequence->Required->SWVariante->Verweis->RegExp;  MATCH;  '>>beleg_id_4'
Artikel->Optional->SchreibweisenPosition->ZeroOrMore->Sequence->Token ","->RegExp;  MATCH;  ','
Artikel->Optional->SchreibweisenPosition->ZeroOrMore->Sequence->Required->SWVariante->Schreibweise->Token "fezdregl(a)"->RegExp;  MATCH;  'fezdregl(a)'
Artikel->Optional->SchreibweisenPosition->ZeroOrMore->Sequence->Required->SWVariante->Token ":"->RegExp;  MATCH;  ':'
Artikel->Optional->SchreibweisenPosition->ZeroOrMore->Sequence->Required->SWVariante->Verweis->RegExp;  MATCH;  '>>beleg_id5'
Artikel->Required->BedeutungsPosition->Sequence->Token "BEDEUTUNG"->RegExp;  MATCH;  'BEDEUTUNG'
Artikel->Required->BedeutungsPosition->Sequence->Bedeutung->Alternative->Interpretamente->LateinischeBedeutung->Token "LAT"->RegExp;  MATCH;  'LAT'
Artikel->Required->BedeutungsPosition->Sequence->Bedeutung->Alternative->Interpretamente->LateinischeBedeutung->RE /(?:(?![A-ZÄÖÜ][A-ZÄÖÜ]).)+/->RegExp;  MATCH;  'pannus, faciale, sudarium...'
Artikel->Required->BedeutungsPosition->Sequence->Bedeutung->Alternative->Interpretamente->DeutscheBedeutung->Token "DEU"->RegExp;  MATCH;  'DEU'
Artikel->Required->BedeutungsPosition->Sequence->Bedeutung->Alternative->Interpretamente->DeutscheBedeutung->RE /(?:(?![A-ZÄÖÜ][A-ZÄÖÜ]).)+/->RegExp;  MATCH;  'Gesichts-, Schweißtuch [u...'
Artikel->Required->BedeutungsPosition->Sequence->Bedeutung->Optional->Belege->Token "BELEGE"->RegExp;  MATCH;  'BELEGE'
Artikel->Required->BedeutungsPosition->Sequence->Bedeutung->Optional->Belege->ZeroOrMore->Series->Token "*"->RegExp;  MATCH;  '*'
Artikel->Required->BedeutungsPosition->Sequence->Bedeutung->Optional->Belege->ZeroOrMore->Series->EinBeleg->OneOrMore->Series->NegativeLookahead->Series->RE /\s*/->RegExp;  MATCH;  ''
Artikel->Required->BedeutungsPosition->Sequence->Bedeutung->Optional->Belege->ZeroOrMore->Series->EinBeleg->OneOrMore->Series->RE /\s?.*/->RegExp;  MATCH;  'Catal. thes. Germ. 28,11 ...'
Artikel->Required->BedeutungsPosition->Sequence->Bedeutung->Optional->Belege->ZeroOrMore->Series->EinBeleg->OneOrMore->Series->NegativeLookahead->Series->RE /\s*/->RegExp;  MATCH;  '\n'
Artikel->Required->BedeutungsPosition->Sequence->Bedeutung->Optional->Belege->ZeroOrMore->Series->EinBeleg->OneOrMore->Series->NegativeLookahead->Series->Alternative->Token "*"->RegExp;  MATCH;  '*'
Artikel->Required->BedeutungsPosition->Sequence->Bedeutung->Optional->Belege->ZeroOrMore->Series->Token "*"->RegExp;  MATCH;  '*'
Artikel->Required->BedeutungsPosition->Sequence->Bedeutung->Optional->Belege->ZeroOrMore->Series->EinBeleg->OneOrMore->Series->NegativeLookahead->Series->RE /\s*/->RegExp;  MATCH;  ''
Artikel->Required->BedeutungsPosition->Sequence->Bedeutung->Optional->Belege->ZeroOrMore->Series->EinBeleg->OneOrMore->Series->RE /\s?.*/->RegExp;  MATCH;  'Form. Sangall. 39 p. 421,...'
Artikel->Required->BedeutungsPosition->Sequence->Bedeutung->Optional->Belege->ZeroOrMore->Series->EinBeleg->OneOrMore->Series->NegativeLookahead->Series->RE /\s*/->RegExp;  MATCH;  '\n  '
Artikel->Required->BedeutungsPosition->Sequence->Bedeutung->Optional->Belege->ZeroOrMore->Series->EinBeleg->OneOrMore->Series->RE /\s?.*/->RegExp;  MATCH;  '\n  -as duas."'
Artikel->Required->BedeutungsPosition->Sequence->Bedeutung->Optional->Belege->ZeroOrMore->Series->EinBeleg->OneOrMore->Series->NegativeLookahead->Series->RE /\s*/->RegExp;  MATCH;  '\n'
Artikel->Required->BedeutungsPosition->Sequence->Bedeutung->Optional->Belege->ZeroOrMore->Series->EinBeleg->OneOrMore->Series->NegativeLookahead->Series->Alternative->Token "*"->RegExp;  MATCH;  '*'
Artikel->Required->BedeutungsPosition->Sequence->Bedeutung->Optional->Belege->ZeroOrMore->Series->Token "*"->RegExp;  MATCH;  '*'
Artikel->Required->BedeutungsPosition->Sequence->Bedeutung->Optional->Belege->ZeroOrMore->Series->EinBeleg->OneOrMore->Series->NegativeLookahead->Series->RE /\s*/->RegExp;  MATCH;  ''
Artikel->Required->BedeutungsPosition->Sequence->Bedeutung->Optional->Belege->ZeroOrMore->Series->EinBeleg->OneOrMore->Series->RE /\s?.*/->RegExp;  MATCH;  'Catal.  thes. Germ. 18,7 ...'
Artikel->Required->BedeutungsPosition->Sequence->Bedeutung->Optional->Belege->ZeroOrMore->Series->EinBeleg->OneOrMore->Series->NegativeLookahead->Series->RE /\s*/->RegExp;  MATCH;  '\n'
Artikel->Required->BedeutungsPosition->Sequence->Bedeutung->Optional->Belege->ZeroOrMore->Series->EinBeleg->OneOrMore->Series->NegativeLookahead->Series->Alternative->Token "*"->RegExp;  MATCH;  '*'
Artikel->Required->BedeutungsPosition->Sequence->Bedeutung->Optional->Belege->ZeroOrMore->Series->Token "*"->RegExp;  MATCH;  '*'
Artikel->Required->BedeutungsPosition->Sequence->Bedeutung->Optional->Belege->ZeroOrMore->Series->EinBeleg->OneOrMore->Series->NegativeLookahead->Series->RE /\s*/->RegExp;  MATCH;  ''
Artikel->Required->BedeutungsPosition->Sequence->Bedeutung->Optional->Belege->ZeroOrMore->Series->EinBeleg->OneOrMore->Series->RE /\s?.*/->RegExp;  MATCH;  'Libri  confrat.  I  app. ...'
Artikel->Required->BedeutungsPosition->Sequence->Bedeutung->Optional->Belege->ZeroOrMore->Series->EinBeleg->OneOrMore->Series->NegativeLookahead->Series->RE /\s*/->RegExp;  MATCH;  '\n  '
Artikel->Required->BedeutungsPosition->Sequence->Bedeutung->Optional->Belege->ZeroOrMore->Series->EinBeleg->OneOrMore->Series->RE /\s?.*/->RegExp;  MATCH;  '\n  circumdari  iussit  po...'
Artikel->Required->BedeutungsPosition->Sequence->Bedeutung->Optional->Belege->ZeroOrMore->Series->EinBeleg->OneOrMore->Series->NegativeLookahead->Series->RE /\s*/->RegExp;  MATCH;  '\n'
Artikel->Required->BedeutungsPosition->Sequence->Bedeutung->Optional->Belege->ZeroOrMore->Series->EinBeleg->OneOrMore->Series->NegativeLookahead->Series->Alternative->Token "*"->RegExp;  MATCH;  '*'
Artikel->Required->BedeutungsPosition->Sequence->Bedeutung->Optional->Belege->ZeroOrMore->Series->Token "*"->RegExp;  MATCH;  '*'
Artikel->Required->BedeutungsPosition->Sequence->Bedeutung->Optional->Belege->ZeroOrMore->Series->EinBeleg->OneOrMore->Series->NegativeLookahead->Series->RE /\s*/->RegExp;  MATCH;  ''
Artikel->Required->BedeutungsPosition->Sequence->Bedeutung->Optional->Belege->ZeroOrMore->Series->EinBeleg->OneOrMore->Series->RE /\s?.*/->RegExp;  MATCH;  'Catal. thes. Germ. 76,15 ...'
Artikel->Required->BedeutungsPosition->Sequence->Bedeutung->Optional->Belege->ZeroOrMore->Series->EinBeleg->OneOrMore->Series->NegativeLookahead->Series->RE /\s*/->RegExp;  MATCH;  '\n  '
Artikel->Required->BedeutungsPosition->Sequence->Bedeutung->Optional->Belege->ZeroOrMore->Series->EinBeleg->OneOrMore->Series->RE /\s?.*/->RegExp;  MATCH;  '\n  II. 24,8  -itella X. 1...'
Artikel->Required->BedeutungsPosition->Sequence->Bedeutung->Optional->Belege->ZeroOrMore->Series->EinBeleg->OneOrMore->Series->NegativeLookahead->Series->RE /\s*/->RegExp;  MATCH;  '\n  '
Artikel->Required->BedeutungsPosition->Sequence->Bedeutung->Optional->Belege->ZeroOrMore->Series->EinBeleg->OneOrMore->Series->RE /\s?.*/->RegExp;  MATCH;  '\n  VII. 92,6 fascercule t...'
Artikel->Required->BedeutungsPosition->Sequence->Bedeutung->Optional->Belege->ZeroOrMore->Series->EinBeleg->OneOrMore->Series->NegativeLookahead->Series->RE /\s*/->RegExp;  MATCH;  '\n  '
Artikel->Required->BedeutungsPosition->Sequence->Bedeutung->Optional->Belege->ZeroOrMore->Series->EinBeleg->OneOrMore->Series->NegativeLookahead->Series->Alternative->Token "ZUSATZ"->RegExp;  MATCH;  'ZUSATZ'
Artikel->Required->BedeutungsPosition->Sequence->Bedeutung->Optional->Belege->ZeroOrMore->Series->EinBeleg->Optional->Zusatz->Token "ZUSATZ"->RegExp;  MATCH;  'ZUSATZ'
Artikel->Required->BedeutungsPosition->Sequence->Bedeutung->Optional->Belege->ZeroOrMore->Series->EinBeleg->Optional->Zusatz->RE /\s?.*/->RegExp;  MATCH;  'saepe.'
Artikel->Required->BedeutungsPosition->Sequence->Token "BEDEUTUNG"->RegExp;  MATCH;  'BEDEUTUNG'
Artikel->Required->BedeutungsPosition->Sequence->Bedeutung->Alternative->Interpretamente->LateinischeBedeutung->Token "LAT"->RegExp;  MATCH;  'LAT'
Artikel->Required->BedeutungsPosition->Sequence->Bedeutung->Alternative->Interpretamente->LateinischeBedeutung->RE /(?:(?![A-ZÄÖÜ][A-ZÄÖÜ]).)+/->RegExp;  MATCH;  'capital, rica'
Artikel->Required->BedeutungsPosition->Sequence->Bedeutung->Alternative->Interpretamente->DeutscheBedeutung->Token "DEU"->RegExp;  MATCH;  'DEU'
Artikel->Required->BedeutungsPosition->Sequence->Bedeutung->Alternative->Interpretamente->DeutscheBedeutung->RE /(?:(?![A-ZÄÖÜ][A-ZÄÖÜ]).)+/->RegExp;  MATCH;  'Kopftuch'
Artikel->Required->BedeutungsPosition->Sequence->Bedeutung->Optional->Belege->Token "BELEGE"->RegExp;  MATCH;  'BELEGE'
Artikel->Required->BedeutungsPosition->Sequence->Bedeutung->Optional->Belege->ZeroOrMore->Series->Token "*"->RegExp;  MATCH;  '*'
Artikel->Required->BedeutungsPosition->Sequence->Bedeutung->Optional->Belege->ZeroOrMore->Series->EinBeleg->OneOrMore->Series->NegativeLookahead->Series->RE /\s*/->RegExp;  MATCH;  ''
Artikel->Required->BedeutungsPosition->Sequence->Bedeutung->Optional->Belege->ZeroOrMore->Series->EinBeleg->OneOrMore->Series->RE /\s?.*/->RegExp;  MATCH;  'Transl. Libor.  I 32  rap...'
Artikel->Required->BedeutungsPosition->Sequence->Bedeutung->Optional->Belege->ZeroOrMore->Series->EinBeleg->OneOrMore->Series->NegativeLookahead->Series->RE /\s*/->RegExp;  MATCH;  '\n'
Artikel->Required->BedeutungsPosition->Sequence->Bedeutung->Optional->Belege->ZeroOrMore->Series->EinBeleg->OneOrMore->Series->NegativeLookahead->Series->Alternative->Token "*"->RegExp;  MATCH;  '*'
Artikel->Required->BedeutungsPosition->Sequence->Bedeutung->Optional->Belege->ZeroOrMore->Series->Token "*"->RegExp;  MATCH;  '*'
Artikel->Required->BedeutungsPosition->Sequence->Bedeutung->Optional->Belege->ZeroOrMore->Series->EinBeleg->OneOrMore->Series->NegativeLookahead->Series->RE /\s*/->RegExp;  MATCH;  ''
Artikel->Required->BedeutungsPosition->Sequence->Bedeutung->Optional->Belege->ZeroOrMore->Series->EinBeleg->OneOrMore->Series->RE /\s?.*/->RegExp;  MATCH;  'II  20  nuditatem  membro...'
Artikel->Required->BedeutungsPosition->Sequence->Bedeutung->Optional->Belege->ZeroOrMore->Series->EinBeleg->OneOrMore->Series->NegativeLookahead->Series->RE /\s*/->RegExp;  MATCH;  '\n  '
Artikel->Required->BedeutungsPosition->Sequence->Bedeutung->Optional->Belege->ZeroOrMore->Series->EinBeleg->OneOrMore->Series->RE /\s?.*/->RegExp;  MATCH;  '\n  clerici et  laici  inp...'
Artikel->Required->BedeutungsPosition->Sequence->Bedeutung->Optional->Belege->ZeroOrMore->Series->EinBeleg->OneOrMore->Series->NegativeLookahead->Series->RE /\s*/->RegExp;  MATCH;  '\n\n\n'
Artikel->Required->BedeutungsPosition->Sequence->Bedeutung->Optional->Belege->ZeroOrMore->Series->EinBeleg->OneOrMore->Series->NegativeLookahead->Series->Alternative->Token "AUTOR"->RegExp;  MATCH;  'AUTOR'
Artikel->Required->Autorinfo->Alternative->Token "AUTORIN"->RegExp;  MATCH;  'AUTORIN'
Artikel->Required->Autorinfo->Name->WORT->RegExp;  MATCH;  'Weber'
Artikel->Required->Autorinfo->Name->ZeroOrMore;  MATCH;  ''
Artikel->Optional->LEER->RegExp;  MATCH;  ''